<?xml version="1.0" encoding="UTF-8"?>
<testng-results ignored="0" total="1" passed="1" failed="0" skipped="0">
  <reporter-output>
  </reporter-output>
  <suite started-at="2024-05-31T00:04:00 IST" name="Default suite" finished-at="2024-05-31T00:04:00 IST" duration-ms="92">
    <groups>
    </groups>
    <test started-at="2024-05-31T00:04:00 IST" name="Default test" finished-at="2024-05-31T00:04:00 IST" duration-ms="92">
      <class name="JavaStreams1">
        <test-method signature="streamCollect()[pri:0, instance:JavaStreams1@130c12b7]" started-at="2024-05-31T00:04:00 IST" name="streamCollect" finished-at="2024-05-31T00:04:00 IST" duration-ms="17" status="PASS">
          <reporter-output>
          </reporter-output>
        </test-method> <!-- streamCollect -->
      </class> <!-- JavaStreams1 -->
    </test> <!-- Default test -->
  </suite> <!-- Default suite -->
</testng-results>
